<?xml version="1.0" encoding="UTF-8"?>
<!-- Generated by org.testng.reporters.JUnitReportReporter -->
<testsuite hostname="SF-LAP-1082" failures="0" tests="1" name="Android_Automation.TestCases.LoginTests" time="56.998" errors="0" timestamp="2025-09-18T15:24:23 IST" skipped="0">
  <testcase classname="Android_Automation.TestCases.LoginTests" name="Add_productToCart" time="56.998"/>
</testsuite> <!-- Android_Automation.TestCases.LoginTests -->
