<?xml version="1.0" encoding="UTF-8"?>
<!-- Generated by org.testng.reporters.JUnitReportReporter -->
<testsuite hostname="SF-LAP-1082" failures="0" tests="1" name="TestCases.LoginTests" time="58.257" errors="0" timestamp="2025-09-18T12:30:29 IST" skipped="0">
  <testcase classname="TestCases.LoginTests" name="Add_productToCart" time="58.257"/>
</testsuite> <!-- TestCases.LoginTests -->
