<?xml version="1.0" encoding="UTF-8"?>
<!-- Generated by org.testng.reporters.JUnitReportReporter -->
<testsuite hostname="SF-LAP-1082" failures="0" tests="1" name="Android_Automation.TestCases.LoginTests" time="59.596" errors="0" timestamp="2025-09-19T14:35:35 IST" skipped="0">
  <testcase classname="Android_Automation.TestCases.LoginTests" name="Add_productToCart" time="59.596"/>
</testsuite> <!-- Android_Automation.TestCases.LoginTests -->
